<?xml version="1.0" encoding="UTF-8"?>
<!-- Generated by org.testng.reporters.JUnitXMLReporter -->
<testsuite hostname="DESKTOP-J7UJK7R" ignored="0" name="LoginTest" tests="2" failures="1" timestamp="2022-01-13T15:20:46 IST" time="26.799" errors="0">
  <testcase name="login" time="6.187" classname="loginPage.LoginTest"/>
  <testcase name="buyingOneplus" time="14.857" classname="loginPage.LoginTest">
    <failure type="java.lang.AssertionError" message="expected [Hello, uday] but found [Amazon.in : OnePlus]">
      <![CDATA[java.lang.AssertionError: expected [Hello, uday] but found [Amazon.in : OnePlus]
at loginPage.LoginTest.buyingOneplus(LoginTest.java:61)
at java.util.ArrayList.forEach(ArrayList.java:1259)
... Removed 33 stack frames]]>
    </failure>
  </testcase> <!-- buyingOneplus -->
</testsuite> <!-- LoginTest -->
