<?xml version="1.0" encoding="UTF-8"?>
<testng-results skipped="0" failed="1" ignored="0" total="3" passed="2">
  <reporter-output>
  </reporter-output>
  <suite name="Suite" duration-ms="61757" started-at="2022-01-13T16:37:03 IST" finished-at="2022-01-13T16:38:04 IST">
    <groups>
    </groups>
    <test name="ValidateTitleTest" duration-ms="27585" started-at="2022-01-13T16:37:03 IST" finished-at="2022-01-13T16:37:30 IST">
      <class name="homePage.TitleValidation">
        <test-method status="PASS" signature="open()[pri:0, instance:homePage.TitleValidation@18f8cd79]" name="open" is-config="true" duration-ms="23978" started-at="2022-01-13T16:37:03 IST" finished-at="2022-01-13T16:37:27 IST">
          <reporter-output>
          </reporter-output>
        </test-method> <!-- open -->
        <test-method status="PASS" signature="validatingTitle()[pri:0, instance:homePage.TitleValidation@18f8cd79]" name="validatingTitle" duration-ms="1143" started-at="2022-01-13T16:37:28 IST" finished-at="2022-01-13T16:37:29 IST">
          <reporter-output>
          </reporter-output>
        </test-method> <!-- validatingTitle -->
        <test-method status="PASS" signature="close()[pri:0, instance:homePage.TitleValidation@18f8cd79]" name="close" is-config="true" duration-ms="1263" started-at="2022-01-13T16:37:29 IST" finished-at="2022-01-13T16:37:30 IST">
          <reporter-output>
          </reporter-output>
        </test-method> <!-- close -->
      </class> <!-- homePage.TitleValidation -->
    </test> <!-- ValidateTitleTest -->
    <test name="LoginTest" duration-ms="32999" started-at="2022-01-13T16:37:31 IST" finished-at="2022-01-13T16:38:04 IST">
      <class name="loginPage.LoginTest">
        <test-method status="PASS" signature="i()[pri:0, instance:loginPage.LoginTest@6c7a164b]" name="i" is-config="true" duration-ms="7739" started-at="2022-01-13T16:37:31 IST" finished-at="2022-01-13T16:37:39 IST">
          <reporter-output>
          </reporter-output>
        </test-method> <!-- i -->
        <test-method status="PASS" signature="login()[pri:0, instance:loginPage.LoginTest@6c7a164b]" name="login" duration-ms="9879" started-at="2022-01-13T16:37:39 IST" finished-at="2022-01-13T16:37:49 IST">
          <reporter-output>
          </reporter-output>
        </test-method> <!-- login -->
        <test-method status="FAIL" signature="buyingOneplus()[pri:0, instance:loginPage.LoginTest@6c7a164b]" name="buyingOneplus" duration-ms="12889" started-at="2022-01-13T16:37:49 IST" depends-on-methods="loginPage.LoginTest.login" finished-at="2022-01-13T16:38:02 IST">
          <exception class="java.lang.AssertionError">
            <message>
              <![CDATA[expected [Hello, uday] but found [Amazon.in : OnePlus]]]>
            </message>
            <full-stacktrace>
              <![CDATA[java.lang.AssertionError: expected [Hello, uday] but found [Amazon.in : OnePlus]
at org.testng.Assert.fail(Assert.java:110)
at org.testng.Assert.failNotEquals(Assert.java:1413)
at org.testng.Assert.assertEqualsImpl(Assert.java:149)
at org.testng.Assert.assertEquals(Assert.java:131)
at org.testng.Assert.assertEquals(Assert.java:655)
at org.testng.Assert.assertEquals(Assert.java:665)
at loginPage.LoginTest.buyingOneplus(LoginTest.java:61)
at sun.reflect.NativeMethodAccessorImpl.invoke0(Native Method)
at sun.reflect.NativeMethodAccessorImpl.invoke(NativeMethodAccessorImpl.java:62)
at sun.reflect.DelegatingMethodAccessorImpl.invoke(DelegatingMethodAccessorImpl.java:43)
at java.lang.reflect.Method.invoke(Method.java:498)
at org.testng.internal.invokers.MethodInvocationHelper.invokeMethod(MethodInvocationHelper.java:135)
at org.testng.internal.invokers.TestInvoker.invokeMethod(TestInvoker.java:673)
at org.testng.internal.invokers.TestInvoker.invokeTestMethod(TestInvoker.java:220)
at org.testng.internal.invokers.MethodRunner.runInSequence(MethodRunner.java:50)
at org.testng.internal.invokers.TestInvoker$MethodInvocationAgent.invoke(TestInvoker.java:945)
at org.testng.internal.invokers.TestInvoker.invokeTestMethods(TestInvoker.java:193)
at org.testng.internal.invokers.TestMethodWorker.invokeTestMethods(TestMethodWorker.java:146)
at org.testng.internal.invokers.TestMethodWorker.run(TestMethodWorker.java:128)
at java.util.ArrayList.forEach(ArrayList.java:1259)
at org.testng.TestRunner.privateRun(TestRunner.java:808)
at org.testng.TestRunner.run(TestRunner.java:603)
at org.testng.SuiteRunner.runTest(SuiteRunner.java:429)
at org.testng.SuiteRunner.runSequentially(SuiteRunner.java:423)
at org.testng.SuiteRunner.privateRun(SuiteRunner.java:383)
at org.testng.SuiteRunner.run(SuiteRunner.java:326)
at org.testng.SuiteRunnerWorker.runSuite(SuiteRunnerWorker.java:52)
at org.testng.SuiteRunnerWorker.run(SuiteRunnerWorker.java:95)
at org.testng.TestNG.runSuitesSequentially(TestNG.java:1249)
at org.testng.TestNG.runSuitesLocally(TestNG.java:1169)
at org.testng.TestNG.runSuites(TestNG.java:1092)
at org.testng.TestNG.run(TestNG.java:1060)
at org.apache.maven.surefire.testng.TestNGExecutor.run(TestNGExecutor.java:284)
at org.apache.maven.surefire.testng.TestNGXmlTestSuite.execute(TestNGXmlTestSuite.java:75)
at org.apache.maven.surefire.testng.TestNGProvider.invoke(TestNGProvider.java:119)
at org.apache.maven.surefire.booter.ForkedBooter.runSuitesInProcess(ForkedBooter.java:428)
at org.apache.maven.surefire.booter.ForkedBooter.execute(ForkedBooter.java:162)
at org.apache.maven.surefire.booter.ForkedBooter.run(ForkedBooter.java:562)
at org.apache.maven.surefire.booter.ForkedBooter.main(ForkedBooter.java:548)
]]>
            </full-stacktrace>
          </exception> <!-- java.lang.AssertionError -->
          <reporter-output>
          </reporter-output>
        </test-method> <!-- buyingOneplus -->
        <test-method status="PASS" signature="close()[pri:0, instance:loginPage.LoginTest@6c7a164b]" name="close" is-config="true" duration-ms="1273" started-at="2022-01-13T16:38:03 IST" finished-at="2022-01-13T16:38:04 IST">
          <reporter-output>
          </reporter-output>
        </test-method> <!-- close -->
      </class> <!-- loginPage.LoginTest -->
    </test> <!-- LoginTest -->
  </suite> <!-- Suite -->
</testng-results>
